{"total": {"lines":{"total":524,"covered":339,"skipped":0,"pct":64.69},"statements":{"total":568,"covered":356,"skipped":0,"pct":62.67},"functions":{"total":196,"covered":112,"skipped":0,"pct":57.14},"branches":{"total":576,"covered":302,"skipped":0,"pct":52.43},"branchesTrue":{"total":0,"covered":0,"skipped":0,"pct":100}}
,"/Users/baker/monorepos/commercejs/packages/adapter-salla/src/adapter.ts": {"lines":{"total":140,"covered":61,"skipped":0,"pct":43.57},"functions":{"total":88,"covered":32,"skipped":0,"pct":36.36},"statements":{"total":155,"covered":63,"skipped":0,"pct":40.64},"branches":{"total":83,"covered":25,"skipped":0,"pct":30.12}}
,"/Users/baker/monorepos/commercejs/packages/adapter-salla/src/client.ts": {"lines":{"total":55,"covered":0,"skipped":0,"pct":0},"functions":{"total":16,"covered":0,"skipped":0,"pct":0},"statements":{"total":59,"covered":0,"skipped":0,"pct":0},"branches":{"total":47,"covered":0,"skipped":0,"pct":0}}
,"/Users/baker/monorepos/commercejs/packages/adapter-salla/src/types.ts": {"lines":{"total":0,"covered":0,"skipped":0,"pct":100},"functions":{"total":0,"covered":0,"skipped":0,"pct":100},"statements":{"total":0,"covered":0,"skipped":0,"pct":100},"branches":{"total":0,"covered":0,"skipped":0,"pct":100}}
,"/Users/baker/monorepos/commercejs/packages/adapter-salla/src/mappers/brand.ts": {"lines":{"total":4,"covered":3,"skipped":0,"pct":75},"functions":{"total":2,"covered":2,"skipped":0,"pct":100},"statements":{"total":5,"covered":4,"skipped":0,"pct":80},"branches":{"total":14,"covered":7,"skipped":0,"pct":50}}
,"/Users/baker/monorepos/commercejs/packages/adapter-salla/src/mappers/category.ts": {"lines":{"total":4,"covered":4,"skipped":0,"pct":100},"functions":{"total":2,"covered":2,"skipped":0,"pct":100},"statements":{"total":5,"covered":5,"skipped":0,"pct":100},"branches":{"total":16,"covered":9,"skipped":0,"pct":56.25}}
,"/Users/baker/monorepos/commercejs/packages/adapter-salla/src/mappers/country.ts": {"lines":{"total":1,"covered":1,"skipped":0,"pct":100},"functions":{"total":1,"covered":1,"skipped":0,"pct":100},"statements":{"total":1,"covered":1,"skipped":0,"pct":100},"branches":{"total":4,"covered":2,"skipped":0,"pct":50}}
,"/Users/baker/monorepos/commercejs/packages/adapter-salla/src/mappers/customer.ts": {"lines":{"total":5,"covered":5,"skipped":0,"pct":100},"functions":{"total":3,"covered":3,"skipped":0,"pct":100},"statements":{"total":7,"covered":6,"skipped":0,"pct":85.71},"branches":{"total":15,"covered":13,"skipped":0,"pct":86.66}}
,"/Users/baker/monorepos/commercejs/packages/adapter-salla/src/mappers/location.ts": {"lines":{"total":4,"covered":4,"skipped":0,"pct":100},"functions":{"total":3,"covered":3,"skipped":0,"pct":100},"statements":{"total":6,"covered":5,"skipped":0,"pct":83.33},"branches":{"total":29,"covered":15,"skipped":0,"pct":51.72}}
,"/Users/baker/monorepos/commercejs/packages/adapter-salla/src/mappers/order-status.ts": {"lines":{"total":5,"covered":5,"skipped":0,"pct":100},"functions":{"total":3,"covered":3,"skipped":0,"pct":100},"statements":{"total":7,"covered":6,"skipped":0,"pct":85.71},"branches":{"total":14,"covered":13,"skipped":0,"pct":92.85}}
,"/Users/baker/monorepos/commercejs/packages/adapter-salla/src/mappers/order.ts": {"lines":{"total":33,"covered":28,"skipped":0,"pct":84.84},"functions":{"total":8,"covered":8,"skipped":0,"pct":100},"statements":{"total":41,"covered":35,"skipped":0,"pct":85.36},"branches":{"total":71,"covered":43,"skipped":0,"pct":60.56}}
,"/Users/baker/monorepos/commercejs/packages/adapter-salla/src/mappers/payment.ts": {"lines":{"total":3,"covered":0,"skipped":0,"pct":0},"functions":{"total":2,"covered":0,"skipped":0,"pct":0},"statements":{"total":4,"covered":0,"skipped":0,"pct":0},"branches":{"total":10,"covered":0,"skipped":0,"pct":0}}
,"/Users/baker/monorepos/commercejs/packages/adapter-salla/src/mappers/product.ts": {"lines":{"total":23,"covered":16,"skipped":0,"pct":69.56},"functions":{"total":16,"covered":9,"skipped":0,"pct":56.25},"statements":{"total":27,"covered":18,"skipped":0,"pct":66.66},"branches":{"total":43,"covered":24,"skipped":0,"pct":55.81}}
,"/Users/baker/monorepos/commercejs/packages/adapter-salla/src/mappers/review.ts": {"lines":{"total":1,"covered":1,"skipped":0,"pct":100},"functions":{"total":1,"covered":1,"skipped":0,"pct":100},"statements":{"total":1,"covered":1,"skipped":0,"pct":100},"branches":{"total":2,"covered":1,"skipped":0,"pct":50}}
,"/Users/baker/monorepos/commercejs/packages/adapter-salla/src/mappers/shipping.ts": {"lines":{"total":3,"covered":0,"skipped":0,"pct":0},"functions":{"total":2,"covered":0,"skipped":0,"pct":0},"statements":{"total":4,"covered":0,"skipped":0,"pct":0},"branches":{"total":8,"covered":0,"skipped":0,"pct":0}}
,"/Users/baker/monorepos/commercejs/packages/checkout/src/checkout-session.ts": {"lines":{"total":113,"covered":89,"skipped":0,"pct":78.76},"functions":{"total":22,"covered":21,"skipped":0,"pct":95.45},"statements":{"total":114,"covered":89,"skipped":0,"pct":78.07},"branches":{"total":71,"covered":46,"skipped":0,"pct":64.78}}
,"/Users/baker/monorepos/commercejs/packages/checkout/src/events.ts": {"lines":{"total":16,"covered":16,"skipped":0,"pct":100},"functions":{"total":6,"covered":6,"skipped":0,"pct":100},"statements":{"total":17,"covered":17,"skipped":0,"pct":100},"branches":{"total":4,"covered":4,"skipped":0,"pct":100}}
,"/Users/baker/monorepos/commercejs/packages/checkout/src/types.ts": {"lines":{"total":1,"covered":1,"skipped":0,"pct":100},"functions":{"total":0,"covered":0,"skipped":0,"pct":100},"statements":{"total":1,"covered":1,"skipped":0,"pct":100},"branches":{"total":0,"covered":0,"skipped":0,"pct":100}}
,"/Users/baker/monorepos/commercejs/packages/payment-tap/src/tap-provider.ts": {"lines":{"total":58,"covered":52,"skipped":0,"pct":89.65},"functions":{"total":12,"covered":12,"skipped":0,"pct":100},"statements":{"total":58,"covered":52,"skipped":0,"pct":89.65},"branches":{"total":82,"covered":48,"skipped":0,"pct":58.53}}
,"/Users/baker/monorepos/commercejs/packages/payment-tap/src/types.ts": {"lines":{"total":0,"covered":0,"skipped":0,"pct":100},"functions":{"total":0,"covered":0,"skipped":0,"pct":100},"statements":{"total":0,"covered":0,"skipped":0,"pct":100},"branches":{"total":0,"covered":0,"skipped":0,"pct":100}}
,"/Users/baker/monorepos/commercejs/packages/webhook-verifier/src/webhook-verifier.ts": {"lines":{"total":44,"covered":42,"skipped":0,"pct":95.45},"functions":{"total":7,"covered":7,"skipped":0,"pct":100},"statements":{"total":45,"covered":42,"skipped":0,"pct":93.33},"branches":{"total":32,"covered":28,"skipped":0,"pct":87.5}}
,"/Users/baker/monorepos/commercejs/packages/webhook-verifier/src/configs/tap.ts": {"lines":{"total":1,"covered":1,"skipped":0,"pct":100},"functions":{"total":0,"covered":0,"skipped":0,"pct":100},"statements":{"total":1,"covered":1,"skipped":0,"pct":100},"branches":{"total":0,"covered":0,"skipped":0,"pct":100}}
,"/Users/baker/monorepos/commercejs/packages/webhook-verifier/src/formatters/tap.ts": {"lines":{"total":10,"covered":10,"skipped":0,"pct":100},"functions":{"total":2,"covered":2,"skipped":0,"pct":100},"statements":{"total":10,"covered":10,"skipped":0,"pct":100},"branches":{"total":31,"covered":24,"skipped":0,"pct":77.41}}
}
